1597489396748:l
1597489428747:g
1597489432747:l
1597489477754:g
1597489744764:l
1597490346860:exit
1597490388267:l
1597490410265:g
1597490413265:l
1597490427267:g
1597491053768:h
1597491059765:help
1597491064765:gr
1597491085768:l
1597491088769:gr
1597491154204:l
1597491156203:gr
1597492993327:l
1597492995322:gr
1597493278332:l
1597493280327:gr
1597494012316:l
1597494015310:gr
1597494374171:l
1597494376166:gr
1597494618965:l
1597494620958:gr
1597495246985:l
1597495248980:gr
1597495334334:l
1597495337329:gr
1597495439737:l
1597495441731:gr
1597495551665:l
1597495553661:gr
1597495575018:l
1597495577014:gr
1597495639641:l
1597495641636:gr
1597495921846:l
1597495923842:gr
1597495992416:l
1597495994411:gr
1597496367679:l
1597496369674:gr
1597496410762:l
1597496412755:gr
1597498303022:l
1597498305016:gr
1597498974962:l
1597498977957:gr
1597499467612:l
1597499469607:gr
1597499497810:l
1597499500803:gr
1597499617626:l
1597499619620:gr
1597499661076:l
1597499663069:gr
1597500110922:l
1597500113915:gr
1597500300515:l
1597500302510:gr
1597500655259:l
1597500658254:gr
1597500996193:l
1597501000189:gr
1597502801248:l
1597502804244:gl
1597502808244:gr
1597502845991:l
1597502848985:gr
1597503138511:l
1597503141506:gr
1597503180116:l
1597503183109:gr
1597503267828:l
1597503270823:gr
1597504771351:l
1597504773346:gr
1597504931700:l
1597504934696:ar
1597504938696:help
1597504947697:l
1597504953698:a
1597505046387:l
1597505049382:a
1597508412919:l
1597508437930:add "Война и мир" отстой
1597508602699:l
1597508617705:add "Война и мир" отстой
1597508650906:l
1597508668910:add "Война и мир" отстой
1597508741922:add "Теория поля" "Великолепный экземпляр"
1597508924699:l
1597508951707:a_add "Война и мир" чудо
1597508985709:add "Война и мир" "чудо, нах"
1597509243063:l
1597509256067:add "Война и мир" вввв
1597509266063:add ddd ddd
1597582979275:l
1597582988273:show ddd
1597583048289:show"Война и мир"
1597583070288:show "Война и мир"
1597583501857:l
1597583531864:add "Война и мир" ужас
1597583551864:add "Война и мир" отстой
1597583644301:l
1597583652305:add "Война и мир" ужас
1597583661306:add "Война и мир" отстой
1597583687306:show "Война и мир"
1597584274301:l
1597584299308:add "Война и мир" отстой
1597584319307:add "Война и мир" ужас
1597584353311:show "ойна и мир"
1597588798601:l
1597588817607:add "Война и мир" ужас
1597588834607:add "Война и мир" ужасный
1597588855610:add "Война и мир" отстой
1597588869611:show "Война и мир"
1597588883607:g
1597588887609:exit
