1596111997379:help
1596112004371:exit
1596116108852:login
1596116115845:help
1596116390374:login
1596116395364:g
1596116436371:exit
1596116447986:g
1596116471267:l
1596116477260:g
1596116483262:exit
1596116493830:g
1596116794702:q
1596116798694:g
1596116855695:exit
1596116926707:g
1596117128839:login
1596117130838:g
1596117141841:exit
1596117322660:login
1596117332655:login sss vvv
1596117341654:g
1596118322783:exit
1596118590769:l
1596118595760:g
1596118726624:l
1596118729619:t
1596118874549:l
1596118877542:t
1596118889544:g
1596118896548:login vvv eee
1596118899545:t
1596119235313:l vvv eee
1596119238304:t
1596119255306:g
1596119257307:l
1596119260307:t
