1596472702460:help
1596472711455:exit
1596473786144:l
1596476315585:exit
1596476643834:l
1596476665831:exit
1596476817912:l
1596476823909:exit
1596477002122:l
1596477006117:g
1596477040657:l
1596477044652:g
1596477079541:l
1596477085537:g
1596477106542:login vvv ddd
1596477112541:exit
1596540403936:e
1596542087657:exit
1596559632530:l
1596559637527:gr
1596559761913:l
1596559764905:gr
1596559929644:l
1596559932639:gr
1596560282845:l
1596560286842:gr
1596560291842:a
1596560313845:exit
1597507411180:l
1597507433190:add "Война и мир" отстой
1597507498913:l
1597507519924:add "Война и мир" отстой
